2026-01-05 23:43:34.618 [main] INFO  com.octopus.service.CorrelationManager - CorrelationManager initialized with 30s timeout
2026-01-05 23:43:34.626 [main] INFO  com.octopus.config.Log4jSystemStreamInitializer - System.out and System.err have been redirected to Log4j
2026-01-05 23:43:34.627 [main] INFO  com.octopus.Main - Testing stack trace capture
2026-01-05 23:43:34.627 [main] ERROR System.err - java.lang.ArithmeticException: Deep stack trace test
2026-01-05 23:43:34.627 [main] ERROR System.err - 	at com.octopus.Main.level3(Main.java:103)
2026-01-05 23:43:34.627 [main] ERROR System.err - 	at com.octopus.Main.level2(Main.java:98)
2026-01-05 23:43:34.627 [main] ERROR System.err - 	at com.octopus.Main.level1(Main.java:94)
2026-01-05 23:43:34.627 [main] ERROR System.err - 	at com.octopus.Main.testDeepStackTrace(Main.java:90)
2026-01-05 23:43:34.627 [main] ERROR System.err - 	at com.octopus.Main.main(Main.java:43)
2026-01-05 23:43:34.811 [main] INFO  io.javalin.Javalin - Starting Javalin ...
2026-01-05 23:43:34.897 [main] INFO  io.javalin.Javalin - 
       __                  ___           _____
      / /___ __   ______ _/ (_)___      / ___/
 __  / / __ `/ | / / __ `/ / / __ \    / __ \
/ /_/ / /_/ /| |/ / /_/ / / / / / /   / /_/ /
\____/\__,_/ |___/\__,_/_/_/_/ /_/    \____/

       https://javalin.io/documentation

2026-01-05 23:43:34.898 [main] INFO  io.javalin.Javalin - Javalin started in 177ms \o/
2026-01-05 23:43:34.900 [main] INFO  io.javalin.Javalin - Listening on http://localhost:7070/
2026-01-05 23:43:34.912 [main] INFO  io.javalin.Javalin - You are running Javalin 6.7.0 (released June 22, 2025. Your Javalin version is 197 days old. Consider checking for a newer version.).
2026-01-05 23:43:34.912 [main] INFO  com.octopus.Main - Server started on port 7070
2026-01-05 23:43:34.914 [main] INFO  com.octopus.webserver.AsyncRoute - Registered POST /api/request
2026-01-05 23:43:34.914 [main] INFO  com.octopus.webserver.AsyncRoute - Registered POST /api/response
2026-01-05 23:43:34.915 [main] INFO  com.octopus.webserver.AsyncRoute - Registered GET /api/status
2026-01-05 23:43:34.915 [main] INFO  com.octopus.webserver.AsyncRoute - Registered POST /api/test/delayed-response
2026-01-05 23:43:34.915 [main] INFO  com.octopus.Main - API endpoints available:
2026-01-05 23:43:34.915 [main] INFO  com.octopus.Main -   POST /api/request - Send async request
2026-01-05 23:43:34.915 [main] INFO  com.octopus.Main -   POST /api/response - Submit response to complete pending request
2026-01-05 23:43:34.916 [main] INFO  com.octopus.Main -   GET  /api/status - Check server status
2026-01-05 23:43:34.916 [main] INFO  com.octopus.Main -   POST /api/test/delayed-response - Test endpoint with simulated delay
2026-01-05 23:43:34.916 [main] INFO  com.octopus.Main - 
2026-01-05 23:43:34.916 [main] INFO  com.octopus.Main - Swagger UI available at: http://localhost:7070/swagger-ui
